[Thd 140102195459904 CPU 0 5/06/22 15:55:37.609] Cmdline: CatGT -dir=/home/netshare/zinu/JF067/2022-01-25/ephys/site1 -run=2022-01-25_JF067 -g=0 -t=0 -no_run_fld -prb=0 -ap -gblcar
[Thd 140102195459904 CPU 0 5/06/22 15:55:37.614] Meta file not found '/home/netshare/zinu/JF067/2022-01-25/ephys/site1/2022-01-25_JF067_g0_t0.imec0.ap.meta'.
[Thd 140102195459904 CPU 0 5/06/22 15:55:37.614] 
[Thd 140083835926336 CPU 0 5/06/22 15:55:37.627] Cmdline: CatGT -dir=/home/netshare/zinu/JF067/2022-01-26/ephys/site1 -run=2022-01-26_JF067 -g=0 -t=0 -no_run_fld -prb=0 -ap -gblcar
[Thd 140083835926336 CPU 0 5/06/22 15:55:37.629] Meta file not found '/home/netshare/zinu/JF067/2022-01-26/ephys/site1/2022-01-26_JF067_g0_t0.imec0.ap.meta'.
[Thd 140083835926336 CPU 0 5/06/22 15:55:37.629] 
[Thd 140612262942528 CPU 0 5/06/22 15:55:37.641] Cmdline: CatGT -dir=/home/netshare/zinu/JF067/2022-01-27/ephys/site1 -run=2022-01-27_JF067 -g=0 -t=0 -no_run_fld -prb=0 -ap -gblcar
[Thd 140612262942528 CPU 0 5/06/22 15:55:37.643] Meta file not found '/home/netshare/zinu/JF067/2022-01-27/ephys/site1/2022-01-27_JF067_g0_t0.imec0.ap.meta'.
[Thd 140612262942528 CPU 0 5/06/22 15:55:37.643] 
[Thd 140652283918144 CPU 0 5/06/22 15:55:37.652] Cmdline: CatGT -dir=/home/netshare/zinu/JF067/2022-01-28/ephys/site1 -run=2022-01-28_JF067 -g=0 -t=0 -no_run_fld -prb=0 -ap -gblcar
[Thd 140652283918144 CPU 0 5/06/22 15:55:37.653] Meta file not found '/home/netshare/zinu/JF067/2022-01-28/ephys/site1/2022-01-28_JF067_g0_t0.imec0.ap.meta'.
[Thd 140652283918144 CPU 0 5/06/22 15:55:37.654] 
[Thd 140183907800896 CPU 0 5/06/22 15:55:37.663] Cmdline: CatGT -dir=/home/netshare/zinu/JF067/2022-01-30/ephys/site1 -run=2022-01-30_JF067 -g=0 -t=0 -no_run_fld -prb=0 -ap -gblcar
[Thd 140183907800896 CPU 0 5/06/22 15:55:37.665] Meta file not found '/home/netshare/zinu/JF067/2022-01-30/ephys/site1/2022-01-30_JF067_g0_t0.imec0.ap.meta'.
[Thd 140183907800896 CPU 0 5/06/22 15:55:37.665] 
[Thd 140195812296512 CPU 0 5/06/22 15:55:37.673] Cmdline: CatGT -dir=/home/netshare/zinu/JF067/2022-01-31/ephys/site1 -run=2022-01-31_JF067 -g=0 -t=0 -no_run_fld -prb=0 -ap -gblcar
[Thd 140195812296512 CPU 0 5/06/22 15:55:37.675] Meta file not found '/home/netshare/zinu/JF067/2022-01-31/ephys/site1/2022-01-31_JF067_g0_t0.imec0.ap.meta'.
[Thd 140195812296512 CPU 0 5/06/22 15:55:37.675] 
[Thd 139672140150592 CPU 0 5/06/22 15:55:37.684] Cmdline: CatGT -dir=/home/netshare/zinu/JF067/2022-02-01/ephys/site1 -run=2022-02-01_JF067 -g=0 -t=0 -no_run_fld -prb=0 -ap -gblcar
[Thd 139672140150592 CPU 0 5/06/22 15:55:37.686] Meta file not found '/home/netshare/zinu/JF067/2022-02-01/ephys/site1/2022-02-01_JF067_g0_t0.imec0.ap.meta'.
[Thd 139672140150592 CPU 0 5/06/22 15:55:37.686] 
[Thd 139668470503232 CPU 0 5/06/22 15:55:37.694] Cmdline: CatGT -dir=/home/netshare/zinu/JF067/2022-02-02/ephys/site1 -run=2022-02-02_JF067 -g=0 -t=0 -no_run_fld -prb=0 -ap -gblcar
[Thd 139668470503232 CPU 0 5/06/22 15:55:37.696] Meta file not found '/home/netshare/zinu/JF067/2022-02-02/ephys/site1/2022-02-02_JF067_g0_t0.imec0.ap.meta'.
[Thd 139668470503232 CPU 0 5/06/22 15:55:37.696] 
[Thd 140602051782464 CPU 0 5/06/22 15:55:37.703] Cmdline: CatGT -dir=/home/netshare/zinu/JF067/2022-02-03/ephys/site1 -run=2022-02-03_JF067 -g=0 -t=0 -no_run_fld -prb=0 -ap -gblcar
[Thd 140602051782464 CPU 0 5/06/22 15:55:37.704] Meta file not found '/home/netshare/zinu/JF067/2022-02-03/ephys/site1/2022-02-03_JF067_g0_t0.imec0.ap.meta'.
[Thd 140602051782464 CPU 0 5/06/22 15:55:37.704] 
[Thd 139992682628928 CPU 0 5/06/22 15:55:37.713] Cmdline: CatGT -dir=/home/netshare/zinu/JF067/2022-02-04/ephys/site1 -run=2022-02-04_JF067 -g=0 -t=0 -no_run_fld -prb=0 -ap -gblcar
[Thd 139992682628928 CPU 0 5/06/22 15:55:37.715] Meta file not found '/home/netshare/zinu/JF067/2022-02-04/ephys/site1/2022-02-04_JF067_g0_t0.imec0.ap.meta'.
[Thd 139992682628928 CPU 0 5/06/22 15:55:37.715] 
[Thd 140494533347136 CPU 0 5/06/22 15:55:37.726] Cmdline: CatGT -dir=/home/netshare/zinu/JF067/2022-02-05/ephys/site1 -run=2022-02-05_JF067 -g=0 -t=0 -no_run_fld -prb=0 -ap -gblcar
[Thd 140494533347136 CPU 0 5/06/22 15:55:37.728] Meta file not found '/home/netshare/zinu/JF067/2022-02-05/ephys/site1/2022-02-05_JF067_g0_t0.imec0.ap.meta'.
[Thd 140494533347136 CPU 0 5/06/22 15:55:37.728] 
[Thd 140099766232896 CPU 0 5/06/22 15:55:37.737] Cmdline: CatGT -dir=/home/netshare/zinu/JF067/2022-02-06/ephys/site1 -run=2022-02-06_JF067 -g=0 -t=0 -no_run_fld -prb=0 -ap -gblcar
[Thd 140099766232896 CPU 0 5/06/22 15:55:37.739] Meta file not found '/home/netshare/zinu/JF067/2022-02-06/ephys/site1/2022-02-06_JF067_g0_t0.imec0.ap.meta'.
[Thd 140099766232896 CPU 0 5/06/22 15:55:37.739] 
[Thd 140262554965824 CPU 0 5/06/22 15:55:37.748] Cmdline: CatGT -dir=/home/netshare/zinu/JF067/2022-02-07/ephys/site1 -run=2022-02-07_JF067 -g=0 -t=0 -no_run_fld -prb=0 -ap -gblcar
[Thd 140262554965824 CPU 0 5/06/22 15:55:37.750] Meta file not found '/home/netshare/zinu/JF067/2022-02-07/ephys/site1/2022-02-07_JF067_g0_t0.imec0.ap.meta'.
[Thd 140262554965824 CPU 0 5/06/22 15:55:37.750] 
[Thd 139843059865408 CPU 0 5/06/22 15:55:37.758] Cmdline: CatGT -dir=/home/netshare/zinu/JF067/2022-02-08/ephys/site1 -run=2022-02-08_JF067 -g=0 -t=0 -no_run_fld -prb=0 -ap -gblcar
[Thd 139843059865408 CPU 0 5/06/22 15:55:37.760] Meta file not found '/home/netshare/zinu/JF067/2022-02-08/ephys/site1/2022-02-08_JF067_g0_t0.imec0.ap.meta'.
[Thd 139843059865408 CPU 0 5/06/22 15:55:37.760] 
[Thd 140048978184000 CPU 0 5/06/22 15:55:37.769] Cmdline: CatGT -dir=/home/netshare/zinu/JF067/2022-02-08/ephys/site2 -run=2022-02-08_JF067 -g=0 -t=0 -no_run_fld -prb=0 -ap -gblcar
[Thd 140048978184000 CPU 0 5/06/22 15:55:37.770] Meta file not found '/home/netshare/zinu/JF067/2022-02-08/ephys/site2/2022-02-08_JF067_g0_t0.imec0.ap.meta'.
[Thd 140048978184000 CPU 0 5/06/22 15:55:37.770] 
[Thd 139786498369344 CPU 0 5/06/22 15:55:37.777] Cmdline: CatGT -dir=/home/netshare/zinu/JF067/2022-02-09/ephys/site1 -run=2022-02-09_JF067 -g=0 -t=0 -no_run_fld -prb=0 -ap -gblcar
[Thd 139786498369344 CPU 0 5/06/22 15:55:37.779] Meta file not found '/home/netshare/zinu/JF067/2022-02-09/ephys/site1/2022-02-09_JF067_g0_t0.imec0.ap.meta'.
[Thd 139786498369344 CPU 0 5/06/22 15:55:37.779] 
[Thd 140660720211776 CPU 0 5/06/22 15:55:37.787] Cmdline: CatGT -dir=/home/netshare/zinu/JF067/2022-02-10/ephys/site1 -run=2022-02-10_JF067 -g=0 -t=0 -no_run_fld -prb=0 -ap -gblcar
[Thd 140660720211776 CPU 0 5/06/22 15:55:37.789] Meta file not found '/home/netshare/zinu/JF067/2022-02-10/ephys/site1/2022-02-10_JF067_g0_t0.imec0.ap.meta'.
[Thd 140660720211776 CPU 0 5/06/22 15:55:37.789] 
[Thd 140073617348416 CPU 0 5/06/22 15:55:37.797] Cmdline: CatGT -dir=/home/netshare/zinu/JF067/2022-02-11/ephys/site1 -run=2022-02-11_JF067 -g=0 -t=0 -no_run_fld -prb=0 -ap -gblcar
[Thd 140073617348416 CPU 0 5/06/22 15:55:37.799] Meta file not found '/home/netshare/zinu/JF067/2022-02-11/ephys/site1/2022-02-11_JF067_g0_t0.imec0.ap.meta'.
[Thd 140073617348416 CPU 0 5/06/22 15:55:37.799] 
[Thd 140602625386304 CPU 0 5/06/22 15:55:37.807] Cmdline: CatGT -dir=/home/netshare/zinu/JF067/2022-02-12/ephys/site1 -run=2022-02-12_JF067 -g=0 -t=0 -no_run_fld -prb=0 -ap -gblcar
[Thd 140602625386304 CPU 0 5/06/22 15:55:37.809] Meta file not found '/home/netshare/zinu/JF067/2022-02-12/ephys/site1/2022-02-12_JF067_g0_t0.imec0.ap.meta'.
[Thd 140602625386304 CPU 0 5/06/22 15:55:37.809] 
[Thd 139720871651136 CPU 0 5/06/22 15:55:37.817] Cmdline: CatGT -dir=/home/netshare/zinu/JF067/2022-02-13/ephys/site1 -run=2022-02-13_JF067 -g=0 -t=0 -no_run_fld -prb=0 -ap -gblcar
[Thd 139720871651136 CPU 0 5/06/22 15:55:37.819] Meta file not found '/home/netshare/zinu/JF067/2022-02-13/ephys/site1/2022-02-13_JF067_g0_t0.imec0.ap.meta'.
[Thd 139720871651136 CPU 0 5/06/22 15:55:37.819] 
[Thd 140129121183552 CPU 0 5/06/22 15:55:37.828] Cmdline: CatGT -dir=/home/netshare/zinu/JF067/2022-02-14/ephys/site1 -run=2022-02-14_JF067 -g=0 -t=0 -no_run_fld -prb=0 -ap -gblcar
[Thd 140129121183552 CPU 0 5/06/22 15:55:37.830] Meta file not found '/home/netshare/zinu/JF067/2022-02-14/ephys/site1/2022-02-14_JF067_g0_t0.imec0.ap.meta'.
[Thd 140129121183552 CPU 0 5/06/22 15:55:37.830] 
[Thd 139668480603968 CPU 0 5/06/22 15:55:37.837] Cmdline: CatGT -dir=/home/netshare/zinu/JF067/2022-02-15/ephys/site1 -run=2022-02-15_JF067 -g=0 -t=0 -no_run_fld -prb=0 -ap -gblcar
[Thd 139668480603968 CPU 0 5/06/22 15:55:37.839] Meta file not found '/home/netshare/zinu/JF067/2022-02-15/ephys/site1/2022-02-15_JF067_g0_t0.imec0.ap.meta'.
[Thd 139668480603968 CPU 0 5/06/22 15:55:37.839] 
[Thd 140640621512512 CPU 0 5/06/22 15:56:16.474] Cmdline: CatGT -dir=/home/netshare/zinu/JF067/2022-01-25/ephys/site1 -run=2022-01-25_JF067 -g=0 -t=0 -no_run_fld -prb=0 -ap -gblcar
[Thd 140640621512512 CPU 0 5/06/22 15:56:16.478] Meta file not found '/home/netshare/zinu/JF067/2022-01-25/ephys/site1/2022-01-25_JF067_g0_t0.imec0.ap.meta'.
[Thd 140640621512512 CPU 0 5/06/22 15:56:16.478] 
[Thd 139776340608832 CPU 0 5/06/22 15:56:16.490] Cmdline: CatGT -dir=/home/netshare/zinu/JF067/2022-01-26/ephys/site1 -run=2022-01-26_JF067 -g=0 -t=0 -no_run_fld -prb=0 -ap -gblcar
[Thd 139776340608832 CPU 0 5/06/22 15:56:16.493] Meta file not found '/home/netshare/zinu/JF067/2022-01-26/ephys/site1/2022-01-26_JF067_g0_t0.imec0.ap.meta'.
[Thd 139776340608832 CPU 0 5/06/22 15:56:16.493] 
[Thd 140383263737664 CPU 0 5/06/22 15:56:16.502] Cmdline: CatGT -dir=/home/netshare/zinu/JF067/2022-01-27/ephys/site1 -run=2022-01-27_JF067 -g=0 -t=0 -no_run_fld -prb=0 -ap -gblcar
[Thd 140383263737664 CPU 0 5/06/22 15:56:16.505] Meta file not found '/home/netshare/zinu/JF067/2022-01-27/ephys/site1/2022-01-27_JF067_g0_t0.imec0.ap.meta'.
[Thd 140383263737664 CPU 0 5/06/22 15:56:16.505] 
[Thd 140343605806912 CPU 0 5/06/22 15:56:16.515] Cmdline: CatGT -dir=/home/netshare/zinu/JF067/2022-01-28/ephys/site1 -run=2022-01-28_JF067 -g=0 -t=0 -no_run_fld -prb=0 -ap -gblcar
[Thd 140343605806912 CPU 0 5/06/22 15:56:16.518] Meta file not found '/home/netshare/zinu/JF067/2022-01-28/ephys/site1/2022-01-28_JF067_g0_t0.imec0.ap.meta'.
[Thd 140343605806912 CPU 0 5/06/22 15:56:16.518] 
[Thd 140475538200384 CPU 0 5/06/22 15:56:16.528] Cmdline: CatGT -dir=/home/netshare/zinu/JF067/2022-01-30/ephys/site1 -run=2022-01-30_JF067 -g=0 -t=0 -no_run_fld -prb=0 -ap -gblcar
[Thd 140475538200384 CPU 0 5/06/22 15:56:16.531] Meta file not found '/home/netshare/zinu/JF067/2022-01-30/ephys/site1/2022-01-30_JF067_g0_t0.imec0.ap.meta'.
[Thd 140475538200384 CPU 0 5/06/22 15:56:16.531] 
[Thd 140610040964928 CPU 0 5/06/22 15:56:16.540] Cmdline: CatGT -dir=/home/netshare/zinu/JF067/2022-01-31/ephys/site1 -run=2022-01-31_JF067 -g=0 -t=0 -no_run_fld -prb=0 -ap -gblcar
[Thd 140610040964928 CPU 0 5/06/22 15:56:16.544] Meta file not found '/home/netshare/zinu/JF067/2022-01-31/ephys/site1/2022-01-31_JF067_g0_t0.imec0.ap.meta'.
[Thd 140610040964928 CPU 0 5/06/22 15:56:16.544] 
[Thd 140415405463360 CPU 0 5/06/22 15:56:16.552] Cmdline: CatGT -dir=/home/netshare/zinu/JF067/2022-02-01/ephys/site1 -run=2022-02-01_JF067 -g=0 -t=0 -no_run_fld -prb=0 -ap -gblcar
[Thd 140415405463360 CPU 0 5/06/22 15:56:16.554] Meta file not found '/home/netshare/zinu/JF067/2022-02-01/ephys/site1/2022-02-01_JF067_g0_t0.imec0.ap.meta'.
[Thd 140415405463360 CPU 0 5/06/22 15:56:16.554] 
[Thd 139694980601664 CPU 0 5/06/22 15:56:16.563] Cmdline: CatGT -dir=/home/netshare/zinu/JF067/2022-02-02/ephys/site1 -run=2022-02-02_JF067 -g=0 -t=0 -no_run_fld -prb=0 -ap -gblcar
[Thd 139694980601664 CPU 0 5/06/22 15:56:16.566] Meta file not found '/home/netshare/zinu/JF067/2022-02-02/ephys/site1/2022-02-02_JF067_g0_t0.imec0.ap.meta'.
[Thd 139694980601664 CPU 0 5/06/22 15:56:16.566] 
[Thd 140535428622144 CPU 0 5/06/22 15:56:16.576] Cmdline: CatGT -dir=/home/netshare/zinu/JF067/2022-02-03/ephys/site1 -run=2022-02-03_JF067 -g=0 -t=0 -no_run_fld -prb=0 -ap -gblcar
[Thd 140535428622144 CPU 0 5/06/22 15:56:16.579] Meta file not found '/home/netshare/zinu/JF067/2022-02-03/ephys/site1/2022-02-03_JF067_g0_t0.imec0.ap.meta'.
[Thd 140535428622144 CPU 0 5/06/22 15:56:16.579] 
[Thd 140150128416576 CPU 0 5/06/22 15:56:16.587] Cmdline: CatGT -dir=/home/netshare/zinu/JF067/2022-02-04/ephys/site1 -run=2022-02-04_JF067 -g=0 -t=0 -no_run_fld -prb=0 -ap -gblcar
[Thd 140150128416576 CPU 0 5/06/22 15:56:16.590] Meta file not found '/home/netshare/zinu/JF067/2022-02-04/ephys/site1/2022-02-04_JF067_g0_t0.imec0.ap.meta'.
[Thd 140150128416576 CPU 0 5/06/22 15:56:16.590] 
[Thd 140245245986624 CPU 0 5/06/22 15:56:16.598] Cmdline: CatGT -dir=/home/netshare/zinu/JF067/2022-02-05/ephys/site1 -run=2022-02-05_JF067 -g=0 -t=0 -no_run_fld -prb=0 -ap -gblcar
[Thd 140245245986624 CPU 0 5/06/22 15:56:16.600] Meta file not found '/home/netshare/zinu/JF067/2022-02-05/ephys/site1/2022-02-05_JF067_g0_t0.imec0.ap.meta'.
[Thd 140245245986624 CPU 0 5/06/22 15:56:16.600] 
[Thd 139825245607744 CPU 0 5/06/22 15:56:16.607] Cmdline: CatGT -dir=/home/netshare/zinu/JF067/2022-02-06/ephys/site1 -run=2022-02-06_JF067 -g=0 -t=0 -no_run_fld -prb=0 -ap -gblcar
[Thd 139825245607744 CPU 0 5/06/22 15:56:16.610] Meta file not found '/home/netshare/zinu/JF067/2022-02-06/ephys/site1/2022-02-06_JF067_g0_t0.imec0.ap.meta'.
[Thd 139825245607744 CPU 0 5/06/22 15:56:16.610] 
[Thd 140029853300544 CPU 0 5/06/22 15:56:16.620] Cmdline: CatGT -dir=/home/netshare/zinu/JF067/2022-02-07/ephys/site1 -run=2022-02-07_JF067 -g=0 -t=0 -no_run_fld -prb=0 -ap -gblcar
[Thd 140029853300544 CPU 0 5/06/22 15:56:16.622] Meta file not found '/home/netshare/zinu/JF067/2022-02-07/ephys/site1/2022-02-07_JF067_g0_t0.imec0.ap.meta'.
[Thd 140029853300544 CPU 0 5/06/22 15:56:16.623] 
[Thd 140354857629504 CPU 0 5/06/22 15:56:16.632] Cmdline: CatGT -dir=/home/netshare/zinu/JF067/2022-02-08/ephys/site1 -run=2022-02-08_JF067 -g=0 -t=0 -no_run_fld -prb=0 -ap -gblcar
[Thd 140354857629504 CPU 0 5/06/22 15:56:16.635] Meta file not found '/home/netshare/zinu/JF067/2022-02-08/ephys/site1/2022-02-08_JF067_g0_t0.imec0.ap.meta'.
[Thd 140354857629504 CPU 0 5/06/22 15:56:16.635] 
[Thd 140218089973568 CPU 0 5/06/22 15:56:16.644] Cmdline: CatGT -dir=/home/netshare/zinu/JF067/2022-02-08/ephys/site2 -run=2022-02-08_JF067 -g=0 -t=0 -no_run_fld -prb=0 -ap -gblcar
[Thd 140218089973568 CPU 0 5/06/22 15:56:16.645] Meta file not found '/home/netshare/zinu/JF067/2022-02-08/ephys/site2/2022-02-08_JF067_g0_t0.imec0.ap.meta'.
[Thd 140218089973568 CPU 0 5/06/22 15:56:16.645] 
[Thd 139962560857920 CPU 0 5/06/22 15:56:16.653] Cmdline: CatGT -dir=/home/netshare/zinu/JF067/2022-02-09/ephys/site1 -run=2022-02-09_JF067 -g=0 -t=0 -no_run_fld -prb=0 -ap -gblcar
[Thd 139962560857920 CPU 0 5/06/22 15:56:16.655] Meta file not found '/home/netshare/zinu/JF067/2022-02-09/ephys/site1/2022-02-09_JF067_g0_t0.imec0.ap.meta'.
[Thd 139962560857920 CPU 0 5/06/22 15:56:16.655] 
[Thd 140682833794880 CPU 0 5/06/22 15:56:16.661] Cmdline: CatGT -dir=/home/netshare/zinu/JF067/2022-02-10/ephys/site1 -run=2022-02-10_JF067 -g=0 -t=0 -no_run_fld -prb=0 -ap -gblcar
[Thd 140682833794880 CPU 0 5/06/22 15:56:16.663] Meta file not found '/home/netshare/zinu/JF067/2022-02-10/ephys/site1/2022-02-10_JF067_g0_t0.imec0.ap.meta'.
[Thd 140682833794880 CPU 0 5/06/22 15:56:16.663] 
[Thd 140678226118464 CPU 0 5/06/22 15:56:16.670] Cmdline: CatGT -dir=/home/netshare/zinu/JF067/2022-02-11/ephys/site1 -run=2022-02-11_JF067 -g=0 -t=0 -no_run_fld -prb=0 -ap -gblcar
[Thd 140678226118464 CPU 0 5/06/22 15:56:16.671] Meta file not found '/home/netshare/zinu/JF067/2022-02-11/ephys/site1/2022-02-11_JF067_g0_t0.imec0.ap.meta'.
[Thd 140678226118464 CPU 0 5/06/22 15:56:16.672] 
[Thd 140591273703232 CPU 0 5/06/22 15:56:16.679] Cmdline: CatGT -dir=/home/netshare/zinu/JF067/2022-02-12/ephys/site1 -run=2022-02-12_JF067 -g=0 -t=0 -no_run_fld -prb=0 -ap -gblcar
[Thd 140591273703232 CPU 0 5/06/22 15:56:16.681] Meta file not found '/home/netshare/zinu/JF067/2022-02-12/ephys/site1/2022-02-12_JF067_g0_t0.imec0.ap.meta'.
[Thd 140591273703232 CPU 0 5/06/22 15:56:16.681] 
[Thd 140332147947328 CPU 0 5/06/22 15:56:16.690] Cmdline: CatGT -dir=/home/netshare/zinu/JF067/2022-02-13/ephys/site1 -run=2022-02-13_JF067 -g=0 -t=0 -no_run_fld -prb=0 -ap -gblcar
[Thd 140332147947328 CPU 0 5/06/22 15:56:16.692] Meta file not found '/home/netshare/zinu/JF067/2022-02-13/ephys/site1/2022-02-13_JF067_g0_t0.imec0.ap.meta'.
[Thd 140332147947328 CPU 0 5/06/22 15:56:16.692] 
[Thd 139850841065280 CPU 0 5/06/22 15:56:16.698] Cmdline: CatGT -dir=/home/netshare/zinu/JF067/2022-02-14/ephys/site1 -run=2022-02-14_JF067 -g=0 -t=0 -no_run_fld -prb=0 -ap -gblcar
[Thd 139850841065280 CPU 0 5/06/22 15:56:16.700] Meta file not found '/home/netshare/zinu/JF067/2022-02-14/ephys/site1/2022-02-14_JF067_g0_t0.imec0.ap.meta'.
[Thd 139850841065280 CPU 0 5/06/22 15:56:16.700] 
[Thd 140207029348160 CPU 0 5/06/22 15:56:16.710] Cmdline: CatGT -dir=/home/netshare/zinu/JF067/2022-02-15/ephys/site1 -run=2022-02-15_JF067 -g=0 -t=0 -no_run_fld -prb=0 -ap -gblcar
[Thd 140207029348160 CPU 0 5/06/22 15:56:16.712] Meta file not found '/home/netshare/zinu/JF067/2022-02-15/ephys/site1/2022-02-15_JF067_g0_t0.imec0.ap.meta'.
[Thd 140207029348160 CPU 0 5/06/22 15:56:16.712] 
[Thd 140342042273600 CPU 0 7/21/22 18:30:14.153] Cmdline: CatGT -dir=$DIRFULL -run=$FILEFULL -g=0 -t=0 -no_run_fld -prb=0 -ap -gblcar
[Thd 140342042273600 CPU 0 7/21/22 18:30:14.154] Meta file not found '$DIRFULL/$FILEFULL_g0_t0.imec0.ap.meta'.
[Thd 140342042273600 CPU 0 7/21/22 18:30:14.154] 
[Thd 140489197016896 CPU 0 7/21/22 18:30:14.171] Cmdline: CatGT -dir=$DIRFULL -run=$FILEFULL -g=0 -t=0 -no_run_fld -prb=0 -ap -gblcar
[Thd 140489197016896 CPU 0 7/21/22 18:30:14.171] Meta file not found '$DIRFULL/$FILEFULL_g0_t0.imec0.ap.meta'.
[Thd 140489197016896 CPU 0 7/21/22 18:30:14.171] 
[Thd 139761416120128 CPU 0 7/21/22 18:32:27.517] Cmdline: CatGT -dir=$DIRFULL -run=$FILEFULL -g=0 -t=0 -no_run_fld -prb=0 -ap -gblcar
[Thd 139761416120128 CPU 0 7/21/22 18:32:27.518] Meta file not found '$DIRFULL/$FILEFULL_g0_t0.imec0.ap.meta'.
[Thd 139761416120128 CPU 0 7/21/22 18:32:27.518] 
[Thd 140423873918784 CPU 0 7/21/22 18:32:27.535] Cmdline: CatGT -dir=$DIRFULL -run=$FILEFULL -g=0 -t=0 -no_run_fld -prb=0 -ap -gblcar
[Thd 140423873918784 CPU 0 7/21/22 18:32:27.535] Meta file not found '$DIRFULL/$FILEFULL_g0_t0.imec0.ap.meta'.
[Thd 140423873918784 CPU 0 7/21/22 18:32:27.535] 
[Thd 140304970905408 CPU 0 7/21/22 18:33:14.521] Cmdline: CatGT -dir=$DIRFULL -run=$FILEFULL -g=0 -t=0 -no_run_fld -prb=0 -ap -gblcar
[Thd 140304970905408 CPU 0 7/21/22 18:33:14.522] Meta file not found '$DIRFULL/$FILEFULL_g0_t0.imec0.ap.meta'.
[Thd 140304970905408 CPU 0 7/21/22 18:33:14.522] 
[Thd 140335117629248 CPU 0 7/21/22 18:33:14.540] Cmdline: CatGT -dir=$DIRFULL -run=$FILEFULL -g=0 -t=0 -no_run_fld -prb=0 -ap -gblcar
[Thd 140335117629248 CPU 0 7/21/22 18:33:14.540] Meta file not found '$DIRFULL/$FILEFULL_g0_t0.imec0.ap.meta'.
[Thd 140335117629248 CPU 0 7/21/22 18:33:14.540] 
[Thd 139804363249472 CPU 0 7/21/22 18:33:33.348] Cmdline: CatGT -dir=$DIRFULL -run=$FILEFULL -g=0 -t=0 -no_run_fld -prb=0 -ap -gblcar
[Thd 139804363249472 CPU 0 7/21/22 18:33:33.349] Meta file not found '$DIRFULL/$FILEFULL_g0_t0.imec0.ap.meta'.
[Thd 139804363249472 CPU 0 7/21/22 18:33:33.349] 
[Thd 140562735617856 CPU 0 7/21/22 18:33:33.360] Cmdline: CatGT -dir=$DIRFULL -run=$FILEFULL -g=0 -t=0 -no_run_fld -prb=1 -ap -gblcar
[Thd 140562735617856 CPU 0 7/21/22 18:33:33.360] Meta file not found '$DIRFULL/$FILEFULL_g0_t0.imec1.ap.meta'.
[Thd 140562735617856 CPU 0 7/21/22 18:33:33.360] 
[Thd 140404050573120 CPU 0 7/21/22 18:58:07.876] Cmdline: CatGT -dir=/home/netshare/zaru/JF082/2022-07-21/ephys/site1 -run=2022-07-21_JF082 -g=0 -t=0 -no_run_fld -prb=0 -ap -gblcar
[Thd 140404050573120 CPU 0 7/21/22 19:15:17.956] 
[Thd 140275305670464 CPU 0 7/21/22 19:15:17.972] Cmdline: CatGT -dir=/home/netshare/zaru/JF082/2022-07-21/ephys/site1 -run=2022-07-21_JF082 -g=0 -t=0 -no_run_fld -prb=1 -ap -gblcar
[Thd 140275305670464 CPU 0 7/21/22 19:15:17.972] Meta file not found '/home/netshare/zaru/JF082/2022-07-21/ephys/site1/2022-07-21_JF082_g0_t0.imec1.ap.meta'.
[Thd 140275305670464 CPU 0 7/21/22 19:15:17.973] 
[Thd 140715648419648 CPU 0 7/22/22 15:24:44.851] Cmdline: CatGT -dir=/home/netshare/zaru/JF082/2022-07-22/ephys/site1 -run=2022-07-22_JF082 -g=0 -t=0 -no_run_fld -prb=0 -ap -gblcar
[Thd 140715648419648 CPU 0 7/22/22 15:24:44.853] Meta file not found '/home/netshare/zaru/JF082/2022-07-22/ephys/site1/2022-07-22_JF082_g0_t0.imec0.ap.meta'.
[Thd 140715648419648 CPU 0 7/22/22 15:24:44.853] 
[Thd 140040497510208 CPU 0 7/22/22 15:24:44.865] Cmdline: CatGT -dir=/home/netshare/zaru/JF082/2022-07-22/ephys/site2 -run=2022-07-22_JF082 -g=0 -t=0 -no_run_fld -prb=1 -ap -gblcar
[Thd 140040497510208 CPU 0 7/22/22 15:24:44.865] Meta file not found '/home/netshare/zaru/JF082/2022-07-22/ephys/site2/2022-07-22_JF082_g0_t0.imec1.ap.meta'.
[Thd 140040497510208 CPU 0 7/22/22 15:24:44.865] 
[Thd 139872381642560 CPU 0 7/22/22 15:24:44.870] Cmdline: CatGT -dir=/home/netshare/zaru/JF082/2022-07-22/ephys/site3 -run=2022-07-22_JF082-bank1 -g=0 -t=0 -no_run_fld -prb=0 -ap -gblcar
[Thd 139872381642560 CPU 0 7/22/22 15:24:44.870] Meta file not found '/home/netshare/zaru/JF082/2022-07-22/ephys/site3/2022-07-22_JF082-bank1_g0_t0.imec0.ap.meta'.
[Thd 139872381642560 CPU 0 7/22/22 15:24:44.870] 
[Thd 140694664996672 CPU 0 7/22/22 15:24:44.876] Cmdline: CatGT -dir=/home/netshare/zaru/JF082/2022-07-22/ephys/site4 -run=2022-07-22_JF082-bank1 -g=0 -t=0 -no_run_fld -prb=1 -ap -gblcar
[Thd 140694664996672 CPU 0 7/22/22 15:24:44.876] Meta file not found '/home/netshare/zaru/JF082/2022-07-22/ephys/site4/2022-07-22_JF082-bank1_g0_t0.imec1.ap.meta'.
[Thd 140694664996672 CPU 0 7/22/22 15:24:44.876] 
[Thd 140487487092544 CPU 0 7/22/22 15:26:35.160] Cmdline: CatGT -dir=/home/netshare/zaru/JF082/2022-07-22/ephys/site1 -run=2022-07-22_JF082 -g=0 -t=0 -no_run_fld -prb=0 -ap -gblcar
[Thd 140487487092544 CPU 0 7/22/22 15:48:40.041] 
[Thd 140479383344960 CPU 0 7/22/22 15:48:40.058] Cmdline: CatGT -dir=/home/netshare/zaru/JF082/2022-07-22/ephys/site2 -run=2022-07-22_JF082 -g=0 -t=0 -no_run_fld -prb=1 -ap -gblcar
[Thd 140479383344960 CPU 0 7/22/22 16:08:37.227] 
[Thd 139685773084480 CPU 0 7/22/22 16:08:37.247] Cmdline: CatGT -dir=/home/netshare/zaru/JF082/2022-07-22/ephys/site3 -run=2022-07-22_JF082-bank1 -g=0 -t=0 -no_run_fld -prb=0 -ap -gblcar
[Thd 139685773084480 CPU 0 7/22/22 16:27:18.175] 
[Thd 140412000708416 CPU 0 7/22/22 16:27:18.194] Cmdline: CatGT -dir=/home/netshare/zaru/JF082/2022-07-22/ephys/site4 -run=2022-07-22_JF082-bank1 -g=0 -t=0 -no_run_fld -prb=1 -ap -gblcar
[Thd 140412000708416 CPU 0 7/22/22 16:46:02.958] 
[Thd 140304161158976 CPU 0 7/26/22 11:04:52.328] Cmdline: CatGT -dir=/home/netshare/zaru/JF082/2022-07-25/ephys/site1 -run=2022-07-25_JF082 -g=1 -t=0 -no_run_fld -prb=0 -ap -gblcar
[Thd 140304161158976 CPU 0 7/26/22 11:52:50.574] 
[Thd 139707804636992 CPU 0 7/26/22 11:52:50.603] Cmdline: CatGT -dir=/home/netshare/zaru/JF082/2022-07-25/ephys/site2 -run=2022-07-25_JF082 -g=1 -t=0 -no_run_fld -prb=1 -ap -gblcar
[Thd 139707804636992 CPU 0 7/26/22 12:40:35.694] 
[Thd 140487345157952 CPU 0 7/26/22 13:40:54.634] Cmdline: CatGT -dir=/home/netshare/zaru/JF082/2022-07-26/ephys/site1 -run=2022-07-25_JF082 -g=0 -t=0 -no_run_fld -prb=0 -ap -gblcar
[Thd 140487345157952 CPU 0 7/26/22 13:40:54.828] Meta file not found '/home/netshare/zaru/JF082/2022-07-26/ephys/site1/2022-07-25_JF082_g0_t0.imec0.ap.meta'.
[Thd 140487345157952 CPU 0 7/26/22 13:40:54.828] 
[Thd 139777395410752 CPU 0 7/26/22 13:40:54.841] Cmdline: CatGT -dir=/home/netshare/zaru/JF082/2022-07-26/ephys/site2 -run=2022-07-25_JF082 -g=0 -t=0 -no_run_fld -prb=1 -ap -gblcar
[Thd 139777395410752 CPU 0 7/26/22 13:40:54.935] Meta file not found '/home/netshare/zaru/JF082/2022-07-26/ephys/site2/2022-07-25_JF082_g0_t0.imec1.ap.meta'.
[Thd 139777395410752 CPU 0 7/26/22 13:40:54.935] 
[Thd 140495873288000 CPU 0 7/26/22 13:41:10.894] Cmdline: CatGT -dir=/home/netshare/zaru/JF082/2022-07-26/ephys/site1 -run=2022-07-26_JF082 -g=0 -t=0 -no_run_fld -prb=0 -ap -gblcar
[Thd 140495873288000 CPU 0 7/26/22 14:30:03.639] 
[Thd 140609410762560 CPU 0 7/26/22 14:30:03.657] Cmdline: CatGT -dir=/home/netshare/zaru/JF082/2022-07-26/ephys/site2 -run=2022-07-26_JF082 -g=0 -t=0 -no_run_fld -prb=1 -ap -gblcar
[Thd 140309231548224 CPU 0 7/27/22 15:42:59.709] Cmdline: CatGT -dir=/home/netshare/zaru/JF082/2022-07-27/ephys/site1 -run=2022-07-27_JF082 -g=0 -t=0 -no_run_fld -prb=0 -ap -gblcar
[Thd 140309231548224 CPU 0 7/27/22 15:42:59.713] Meta file not found '/home/netshare/zaru/JF082/2022-07-27/ephys/site1/2022-07-27_JF082_g0_t0.imec0.ap.meta'.
[Thd 140309231548224 CPU 0 7/27/22 15:42:59.713] 
[Thd 140075284027200 CPU 0 7/27/22 15:42:59.726] Cmdline: CatGT -dir=/home/netshare/zaru/JF082/2022-07-27/ephys/site2 -run=2022-07-27_JF082 -g=0 -t=0 -no_run_fld -prb=1 -ap -gblcar
[Thd 140075284027200 CPU 0 7/27/22 15:42:59.726] Meta file not found '/home/netshare/zaru/JF082/2022-07-27/ephys/site2/2022-07-27_JF082_g0_t0.imec1.ap.meta'.
[Thd 140075284027200 CPU 0 7/27/22 15:42:59.726] 
[Thd 139869139982144 CPU 0 7/27/22 16:13:11.241] Cmdline: CatGT -dir=/home/netshare/zaru/JF082/2022-07-27/ephys/site1 -run=2022-07-27_JF082 -g=0 -t=0 -no_run_fld -prb=0 -ap -gblcar
[Thd 139869139982144 CPU 0 7/27/22 16:50:34.722] 
[Thd 139641129158464 CPU 0 7/27/22 16:50:34.740] Cmdline: CatGT -dir=/home/netshare/zaru/JF082/2022-07-27/ephys/site2 -run=2022-07-27_JF082 -g=0 -t=0 -no_run_fld -prb=1 -ap -gblcar
[Thd 139641129158464 CPU 0 7/27/22 17:28:18.763] 
[Thd 139794462349120 CPU 0 7/28/22 14:16:02.482] Cmdline: CatGT -dir=/home/netshare/zaru/JF082/2022-07-28/ephys/site1 -run=2022-07-28_JF082 -g=0 -t=0 -no_run_fld -prb=0 -ap -gblcar
[Thd 139794462349120 CPU 0 7/28/22 14:56:14.413] 
[Thd 140691185387328 CPU 0 7/28/22 14:56:14.434] Cmdline: CatGT -dir=/home/netshare/zaru/JF082/2022-07-28/ephys/site2 -run=2022-07-28_JF082 -g=0 -t=0 -no_run_fld -prb=1 -ap -gblcar
[Thd 140691185387328 CPU 0 7/28/22 15:35:55.659] 
